  main.c
E:\강의자료\OneDrive - 한국산업기술대학교\4학기\윈플\WindowsProgram\WindowsPrograming\main.c(81,16): warning C4244: 'return': 'WPARAM'에서 'int'(으)로 변환하면서 데이터가 손실될 수 있습니다.
E:\강의자료\OneDrive - 한국산업기술대학교\4학기\윈플\WindowsProgram\WindowsPrograming\main.c(86,12): warning C4013: 'time'이(가) 정의되지 않았습니다. extern은 int형을 반환하는 것으로 간주합니다.
E:\강의자료\OneDrive - 한국산업기술대학교\4학기\윈플\WindowsProgram\WindowsPrograming\main.c(90,17): warning C4047: '함수': 'int'의 간접 참조 수준이 'void *'과(와) 다릅니다.
E:\강의자료\OneDrive - 한국산업기술대학교\4학기\윈플\WindowsProgram\WindowsPrograming\main.c(90,13): warning C4024: 'memset': 형식 및 실제 매개 변수 2의 형식이 서로 다릅니다.
E:\강의자료\OneDrive - 한국산업기술대학교\4학기\윈플\WindowsProgram\WindowsPrograming\main.c(145,23): warning C4244: '=': 'WPARAM'에서 'TCHAR'(으)로 변환하면서 데이터가 손실될 수 있습니다.
E:\강의자료\OneDrive - 한국산업기술대학교\4학기\윈플\WindowsProgram\WindowsPrograming\main.c(196,23): warning C4244: '=': 'WPARAM'에서 'TCHAR'(으)로 변환하면서 데이터가 손실될 수 있습니다.
E:\강의자료\OneDrive - 한국산업기술대학교\4학기\윈플\WindowsProgram\WindowsPrograming\main.c(221,30): warning C4267: '함수': 'size_t'에서 'int'(으)로 변환하면서 데이터가 손실될 수 있습니다.
E:\강의자료\OneDrive - 한국산업기술대학교\4학기\윈플\WindowsProgram\WindowsPrograming\main.c(231,30): warning C4267: '함수': 'size_t'에서 'int'(으)로 변환하면서 데이터가 손실될 수 있습니다.
E:\강의자료\OneDrive - 한국산업기술대학교\4학기\윈플\WindowsProgram\WindowsPrograming\main.c(241,30): warning C4267: '함수': 'size_t'에서 'int'(으)로 변환하면서 데이터가 손실될 수 있습니다.
E:\강의자료\OneDrive - 한국산업기술대학교\4학기\윈플\WindowsProgram\WindowsPrograming\main.c(251,30): warning C4267: '함수': 'size_t'에서 'int'(으)로 변환하면서 데이터가 손실될 수 있습니다.
E:\강의자료\OneDrive - 한국산업기술대학교\4학기\윈플\WindowsProgram\WindowsPrograming\main.c(278,23): warning C4244: '=': 'WPARAM'에서 'TCHAR'(으)로 변환하면서 데이터가 손실될 수 있습니다.
E:\강의자료\OneDrive - 한국산업기술대학교\4학기\윈플\WindowsProgram\WindowsPrograming\main.c(307,36): warning C4267: '함수': 'size_t'에서 'int'(으)로 변환하면서 데이터가 손실될 수 있습니다.
E:\강의자료\OneDrive - 한국산업기술대학교\4학기\윈플\WindowsProgram\WindowsPrograming\main.c(300,1): warning C4047: '초기화 중': 'char'의 간접 참조 수준이 'void *'과(와) 다릅니다.
E:\강의자료\OneDrive - 한국산업기술대학교\4학기\윈플\WindowsProgram\WindowsPrograming\main.c(340,23): warning C4244: '=': 'WPARAM'에서 'TCHAR'(으)로 변환하면서 데이터가 손실될 수 있습니다.
E:\강의자료\OneDrive - 한국산업기술대학교\4학기\윈플\WindowsProgram\WindowsPrograming\main.c(404,21): warning C4244: '=': 'WPARAM'에서 'TCHAR'(으)로 변환하면서 데이터가 손실될 수 있습니다.
E:\강의자료\OneDrive - 한국산업기술대학교\4학기\윈플\WindowsProgram\WindowsPrograming\main.c(412,32): warning C4047: '함수': 'LPCWSTR'의 간접 참조 수준이 'TCHAR [10][31]'과(와) 다릅니다.
E:\강의자료\OneDrive - 한국산업기술대학교\4학기\윈플\WindowsProgram\WindowsPrograming\main.c(412,29): warning C4024: 'GetTextExtentPoint32W': 형식 및 실제 매개 변수 2의 형식이 서로 다릅니다.
E:\강의자료\OneDrive - 한국산업기술대학교\4학기\윈플\WindowsProgram\WindowsPrograming\main.c(383,7): warning C4101: 'rect' :참조되지 않은 지역 변수입니다.
E:\강의자료\OneDrive - 한국산업기술대학교\4학기\윈플\WindowsProgram\WindowsPrograming\main.c(456,20): warning C4047: '함수': 'int'의 간접 참조 수준이 'void *'과(와) 다릅니다.
E:\강의자료\OneDrive - 한국산업기술대학교\4학기\윈플\WindowsProgram\WindowsPrograming\main.c(456,16): warning C4024: 'memset': 형식 및 실제 매개 변수 2의 형식이 서로 다릅니다.
E:\강의자료\OneDrive - 한국산업기술대학교\4학기\윈플\WindowsProgram\WindowsPrograming\main.c(457,7): warning C4101: 'tem' :참조되지 않은 지역 변수입니다.
E:\강의자료\OneDrive - 한국산업기술대학교\4학기\윈플\WindowsProgram\WindowsPrograming\main.c(538,21): warning C4244: '=': 'WPARAM'에서 'TCHAR'(으)로 변환하면서 데이터가 손실될 수 있습니다.
E:\강의자료\OneDrive - 한국산업기술대학교\4학기\윈플\WindowsProgram\WindowsPrograming\main.c(546,32): warning C4047: '함수': 'LPCWSTR'의 간접 참조 수준이 'TCHAR [10][31]'과(와) 다릅니다.
E:\강의자료\OneDrive - 한국산업기술대학교\4학기\윈플\WindowsProgram\WindowsPrograming\main.c(546,29): warning C4024: 'GetTextExtentPoint32W': 형식 및 실제 매개 변수 2의 형식이 서로 다릅니다.
E:\강의자료\OneDrive - 한국산업기술대학교\4학기\윈플\WindowsProgram\WindowsPrograming\main.c(517,7): warning C4101: 'rect' :참조되지 않은 지역 변수입니다.
E:\강의자료\OneDrive - 한국산업기술대학교\4학기\윈플\WindowsProgram\WindowsPrograming\main.c(583,14): warning C4101: 'ps' :참조되지 않은 지역 변수입니다.
E:\강의자료\OneDrive - 한국산업기술대학교\4학기\윈플\WindowsProgram\WindowsPrograming\main.c(584,6): warning C4101: 'hDC' :참조되지 않은 지역 변수입니다.
E:\강의자료\OneDrive - 한국산업기술대학교\4학기\윈플\WindowsProgram\WindowsPrograming\main.c(585,7): warning C4101: 'rect' :참조되지 않은 지역 변수입니다.
E:\강의자료\OneDrive - 한국산업기술대학교\4학기\윈플\WindowsProgram\WindowsPrograming\main.c(605,14): warning C4101: 'ps' :참조되지 않은 지역 변수입니다.
E:\강의자료\OneDrive - 한국산업기술대학교\4학기\윈플\WindowsProgram\WindowsPrograming\main.c(606,6): warning C4101: 'hDC' :참조되지 않은 지역 변수입니다.
E:\강의자료\OneDrive - 한국산업기술대학교\4학기\윈플\WindowsProgram\WindowsPrograming\main.c(607,7): warning C4101: 'rect' :참조되지 않은 지역 변수입니다.
E:\강의자료\OneDrive - 한국산업기술대학교\4학기\윈플\WindowsProgram\WindowsPrograming\main.c(661,15): warning C4244: '함수': 'WPARAM'에서 'int'(으)로 변환하면서 데이터가 손실될 수 있습니다.
E:\강의자료\OneDrive - 한국산업기술대학교\4학기\윈플\WindowsProgram\WindowsPrograming\main.c(663,19): warning C4244: '=': 'WPARAM'에서 'TCHAR'(으)로 변환하면서 데이터가 손실될 수 있습니다.
E:\강의자료\OneDrive - 한국산업기술대학교\4학기\윈플\WindowsProgram\WindowsPrograming\main.c(668,19): warning C4244: '=': 'WPARAM'에서 'TCHAR'(으)로 변환하면서 데이터가 손실될 수 있습니다.
E:\강의자료\OneDrive - 한국산업기술대학교\4학기\윈플\WindowsProgram\WindowsPrograming\main.c(710,29): warning C4133: '함수': 'TCHAR [100]'과(와) 'char *' 사이의 형식이 호환되지 않습니다.
E:\강의자료\OneDrive - 한국산업기술대학교\4학기\윈플\WindowsProgram\WindowsPrograming\main.c(627,6): warning C4101: 'tem' :참조되지 않은 지역 변수입니다.
E:\강의자료\OneDrive - 한국산업기술대학교\4학기\윈플\WindowsProgram\WindowsPrograming\main.c(627,19): warning C4101: 'c' :참조되지 않은 지역 변수입니다.
E:\강의자료\OneDrive - 한국산업기술대학교\4학기\윈플\WindowsProgram\WindowsPrograming\main.c(626,7): warning C4101: 'rect' :참조되지 않은 지역 변수입니다.
E:\강의자료\OneDrive - 한국산업기술대학교\4학기\윈플\WindowsProgram\WindowsPrograming\main.c(909,23): warning C4133: '함수': 'POINT [3]'과(와) 'const POINT *' 사이의 형식이 호환되지 않습니다.
E:\강의자료\OneDrive - 한국산업기술대학교\4학기\윈플\WindowsProgram\WindowsPrograming\main.c(950,24): warning C4133: '함수': 'POINT [3]'과(와) 'const POINT *' 사이의 형식이 호환되지 않습니다.
E:\강의자료\OneDrive - 한국산업기술대학교\4학기\윈플\WindowsProgram\WindowsPrograming\main.c(733,7): warning C4101: 'rect' :참조되지 않은 지역 변수입니다.
E:\강의자료\OneDrive - 한국산업기술대학교\4학기\윈플\WindowsProgram\WindowsPrograming\main.c(988,17): warning C4047: '함수': 'int'의 간접 참조 수준이 'void *'과(와) 다릅니다.
E:\강의자료\OneDrive - 한국산업기술대학교\4학기\윈플\WindowsProgram\WindowsPrograming\main.c(988,13): warning C4024: 'memset': 형식 및 실제 매개 변수 2의 형식이 서로 다릅니다.
E:\강의자료\OneDrive - 한국산업기술대학교\4학기\윈플\WindowsProgram\WindowsPrograming\main.c(988,35): warning C4047: '함수': 'size_t'의 간접 참조 수준이 'char *'과(와) 다릅니다.
E:\강의자료\OneDrive - 한국산업기술대학교\4학기\윈플\WindowsProgram\WindowsPrograming\main.c(988,26): warning C4024: 'memset': 형식 및 실제 매개 변수 3의 형식이 서로 다릅니다.
E:\강의자료\OneDrive - 한국산업기술대학교\4학기\윈플\WindowsProgram\WindowsPrograming\main.c(998,12): warning C4244: '=': 'WPARAM'에서 'char'(으)로 변환하면서 데이터가 손실될 수 있습니다.
E:\강의자료\OneDrive - 한국산업기술대학교\4학기\윈플\WindowsProgram\WindowsPrograming\main.c(1049,42): warning C4047: '함수': 'LPCWSTR'의 간접 참조 수준이 'char'과(와) 다릅니다.
E:\강의자료\OneDrive - 한국산업기술대학교\4학기\윈플\WindowsProgram\WindowsPrograming\main.c(1049,39): warning C4024: 'TextOutW': 형식 및 실제 매개 변수 4의 형식이 서로 다릅니다.
E:\강의자료\OneDrive - 한국산업기술대학교\4학기\윈플\WindowsProgram\WindowsPrograming\main.c(980,7): warning C4101: 'rect' :참조되지 않은 지역 변수입니다.
  WindowsProgram.vcxproj -> E:\강의자료\OneDrive - 한국산업기술대학교\4학기\윈플\WindowsProgram\WindowsPrograming\x64\Debug\WindowsProgram.exe
